# JRE version: OpenJDK Runtime Environment (8.0_242-b01) (build 1.8.0_242-release-1644-b01)
# Java VM: OpenJDK 64-Bit Server VM (25.242-b01 mixed mode windows-amd64 compressed oops)
Heap:
 PSYoungGen      total 213504K, used 115187K [0x00000000d5580000, 0x00000000e4b80000, 0x0000000100000000)
  eden space 193024K, 49% used [0x00000000d5580000,0x00000000db203750,0x00000000e1200000)
  from space 20480K, 99% used [0x00000000e2d00000,0x00000000e40f9760,0x00000000e4100000)
  to   space 27648K, 0% used [0x00000000e1200000,0x00000000e1200000,0x00000000e2d00000)
 ParOldGen       total 133632K, used 41739K [0x0000000080000000, 0x0000000088280000, 0x00000000d5580000)
  object space 133632K, 31% used [0x0000000080000000,0x00000000828c2fd0,0x0000000088280000)
 Metaspace       used 76430K, capacity 80186K, committed 80432K, reserved 1118208K
  class space    used 10505K, capacity 11250K, committed 11312K, reserved 1048576K
GC Heap History (10 events):
Event: 23.621 GC heap before
{Heap before GC invocations=13 (full 2):
 PSYoungGen      total 136704K, used 136583K [0x00000000d5580000, 0x00000000ded00000, 0x0000000100000000)
  eden space 124928K, 100% used [0x00000000d5580000,0x00000000dcf80000,0x00000000dcf80000)
  from space 11776K, 98% used [0x00000000de180000,0x00000000dece1d48,0x00000000ded00000)
  to   space 13312K, 0% used [0x00000000dd300000,0x00000000dd300000,0x00000000de000000)
 ParOldGen       total 92672K, used 15463K [0x0000000080000000, 0x0000000085a80000, 0x00000000d5580000)
  object space 92672K, 16% used [0x0000000080000000,0x0000000080f19ed0,0x0000000085a80000)
 Metaspace       used 53686K, capacity 55614K, committed 55728K, reserved 1097728K
  class space    used 7292K, capacity 7742K, committed 7856K, reserved 1048576K
Event: 23.664 GC heap after
Heap after GC invocations=13 (full 2):
 PSYoungGen      total 141824K, used 13308K [0x00000000d5580000, 0x00000000e1500000, 0x0000000100000000)
  eden space 128512K, 0% used [0x00000000d5580000,0x00000000d5580000,0x00000000dd300000)
  from space 13312K, 99% used [0x00000000dd300000,0x00000000ddfff320,0x00000000de000000)
  to   space 17920K, 0% used [0x00000000e0380000,0x00000000e0380000,0x00000000e1500000)
 ParOldGen       total 92672K, used 23358K [0x0000000080000000, 0x0000000085a80000, 0x00000000d5580000)
  object space 92672K, 25% used [0x0000000080000000,0x00000000816cf910,0x0000000085a80000)
 Metaspace       used 53686K, capacity 55614K, committed 55728K, reserved 1097728K
  class space    used 7292K, capacity 7742K, committed 7856K, reserved 1048576K
}
Event: 25.143 GC heap before
{Heap before GC invocations=14 (full 2):
 PSYoungGen      total 141824K, used 57911K [0x00000000d5580000, 0x00000000e1500000, 0x0000000100000000)
  eden space 128512K, 34% used [0x00000000d5580000,0x00000000d810ec50,0x00000000dd300000)
  from space 13312K, 99% used [0x00000000dd300000,0x00000000ddfff320,0x00000000de000000)
  to   space 17920K, 0% used [0x00000000e0380000,0x00000000e0380000,0x00000000e1500000)
 ParOldGen       total 92672K, used 23358K [0x0000000080000000, 0x0000000085a80000, 0x00000000d5580000)
  object space 92672K, 25% used [0x0000000080000000,0x00000000816cf910,0x0000000085a80000)
 Metaspace       used 57078K, capacity 59064K, committed 59160K, reserved 1099776K
  class space    used 7818K, capacity 8285K, committed 8368K, reserved 1048576K
Event: 25.196 GC heap after
Heap after GC invocations=14 (full 2):
 PSYoungGen      total 176128K, used 17404K [0x00000000d5580000, 0x00000000e2480000, 0x0000000100000000)
  eden space 158208K, 0% used [0x00000000d5580000,0x00000000d5580000,0x00000000df000000)
  from space 17920K, 97% used [0x00000000e0380000,0x00000000e147f1b8,0x00000000e1500000)
  to   space 19968K, 0% used [0x00000000df000000,0x00000000df000000,0x00000000e0380000)
 ParOldGen       total 92672K, used 23366K [0x0000000080000000, 0x0000000085a80000, 0x00000000d5580000)
  object space 92672K, 25% used [0x0000000080000000,0x00000000816d1910,0x0000000085a80000)
 Metaspace       used 57078K, capacity 59064K, committed 59160K, reserved 1099776K
  class space    used 7818K, capacity 8285K, committed 8368K, reserved 1048576K
}
Event: 25.196 GC heap before
{Heap before GC invocations=15 (full 3):
 PSYoungGen      total 176128K, used 17404K [0x00000000d5580000, 0x00000000e2480000, 0x0000000100000000)
  eden space 158208K, 0% used [0x00000000d5580000,0x00000000d5580000,0x00000000df000000)
  from space 17920K, 97% used [0x00000000e0380000,0x00000000e147f1b8,0x00000000e1500000)
  to   space 19968K, 0% used [0x00000000df000000,0x00000000df000000,0x00000000e0380000)
 ParOldGen       total 92672K, used 23366K [0x0000000080000000, 0x0000000085a80000, 0x00000000d5580000)
  object space 92672K, 25% used [0x0000000080000000,0x00000000816d1910,0x0000000085a80000)
 Metaspace       used 57078K, capacity 59064K, committed 59160K, reserved 1099776K
  class space    used 7818K, capacity 8285K, committed 8368K, reserved 1048576K
Event: 25.584 GC heap after
Heap after GC invocations=15 (full 3):
 PSYoungGen      total 176128K, used 0K [0x00000000d5580000, 0x00000000e2480000, 0x0000000100000000)
  eden space 158208K, 0% used [0x00000000d5580000,0x00000000d5580000,0x00000000df000000)
  from space 17920K, 0% used [0x00000000e0380000,0x00000000e0380000,0x00000000e1500000)
  to   space 19968K, 0% used [0x00000000df000000,0x00000000df000000,0x00000000e0380000)
 ParOldGen       total 133632K, used 30689K [0x0000000080000000, 0x0000000088280000, 0x00000000d5580000)
  object space 133632K, 22% used [0x0000000080000000,0x0000000081df8440,0x0000000088280000)
 Metaspace       used 57065K, capacity 59022K, committed 59160K, reserved 1099776K
  class space    used 7814K, capacity 8278K, committed 8368K, reserved 1048576K
}
Event: 29.790 GC heap before
{Heap before GC invocations=16 (full 3):
 PSYoungGen      total 176128K, used 158208K [0x00000000d5580000, 0x00000000e2480000, 0x0000000100000000)
  eden space 158208K, 100% used [0x00000000d5580000,0x00000000df000000,0x00000000df000000)
  from space 17920K, 0% used [0x00000000e0380000,0x00000000e0380000,0x00000000e1500000)
  to   space 19968K, 0% used [0x00000000df000000,0x00000000df000000,0x00000000e0380000)
 ParOldGen       total 133632K, used 30689K [0x0000000080000000, 0x0000000088280000, 0x00000000d5580000)
  object space 133632K, 22% used [0x0000000080000000,0x0000000081df8440,0x0000000088280000)
 Metaspace       used 61725K, capacity 64590K, committed 64688K, reserved 1105920K
  class space    used 8519K, capacity 9088K, committed 9136K, reserved 1048576K
Event: 29.848 GC heap after
Heap after GC invocations=16 (full 3):
 PSYoungGen      total 178176K, used 14239K [0x00000000d5580000, 0x00000000e4100000, 0x0000000100000000)
  eden space 158208K, 0% used [0x00000000d5580000,0x00000000d5580000,0x00000000df000000)
  from space 19968K, 71% used [0x00000000df000000,0x00000000dfde7ed0,0x00000000e0380000)
  to   space 20480K, 0% used [0x00000000e2d00000,0x00000000e2d00000,0x00000000e4100000)
 ParOldGen       total 133632K, used 30697K [0x0000000080000000, 0x0000000088280000, 0x00000000d5580000)
  object space 133632K, 22% used [0x0000000080000000,0x0000000081dfa440,0x0000000088280000)
 Metaspace       used 61725K, capacity 64590K, committed 64688K, reserved 1105920K
  class space    used 8519K, capacity 9088K, committed 9136K, reserved 1048576K
}
Event: 41.141 GC heap before
{Heap before GC invocations=17 (full 3):
 PSYoungGen      total 178176K, used 172447K [0x00000000d5580000, 0x00000000e4100000, 0x0000000100000000)
  eden space 158208K, 100% used [0x00000000d5580000,0x00000000df000000,0x00000000df000000)
  from space 19968K, 71% used [0x00000000df000000,0x00000000dfde7ed0,0x00000000e0380000)
  to   space 20480K, 0% used [0x00000000e2d00000,0x00000000e2d00000,0x00000000e4100000)
 ParOldGen       total 133632K, used 30697K [0x0000000080000000, 0x0000000088280000, 0x00000000d5580000)
  object space 133632K, 22% used [0x0000000080000000,0x0000000081dfa440,0x0000000088280000)
 Metaspace       used 75513K, capacity 79130K, committed 79280K, reserved 1118208K
  class space    used 10368K, capacity 11078K, committed 11184K, reserved 1048576K
Event: 41.221 GC heap after
Heap after GC invocations=17 (full 3):
 PSYoungGen      total 213504K, used 20453K [0x00000000d5580000, 0x00000000e4b80000, 0x0000000100000000)
  eden space 193024K, 0% used [0x00000000d5580000,0x00000000d5580000,0x00000000e1200000)
  from space 20480K, 99% used [0x00000000e2d00000,0x00000000e40f9760,0x00000000e4100000)
  to   space 27648K, 0% used [0x00000000e1200000,0x00000000e1200000,0x00000000e2d00000)
 ParOldGen       total 133632K, used 41739K [0x0000000080000000, 0x0000000088280000, 0x00000000d5580000)
  object space 133632K, 31% used [0x0000000080000000,0x00000000828c2fd0,0x0000000088280000)
 Metaspace       used 75513K, capacity 79130K, committed 79280K, reserved 1118208K
  class space    used 10368K, capacity 11078K, committed 11184K, reserved 1048576K
}

