# JRE version: OpenJDK Runtime Environment (8.0_242-b01) (build 1.8.0_242-release-1644-b01)
# Java VM: OpenJDK 64-Bit Server VM (25.242-b01 mixed mode windows-amd64 compressed oops)
Heap:
 PSYoungGen      total 51712K, used 34963K [0x00000000d5580000, 0x00000000d9e80000, 0x0000000100000000)
  eden space 40448K, 70% used [0x00000000d5580000,0x00000000d716f730,0x00000000d7d00000)
  from space 11264K, 56% used [0x00000000d7d00000,0x00000000d8335760,0x00000000d8800000)
  to   space 10752K, 0% used [0x00000000d9400000,0x00000000d9400000,0x00000000d9e80000)
 ParOldGen       total 66560K, used 11595K [0x0000000080000000, 0x0000000084100000, 0x00000000d5580000)
  object space 66560K, 17% used [0x0000000080000000,0x0000000080b52d58,0x0000000084100000)
 Metaspace       used 31918K, capacity 32798K, committed 33072K, reserved 1077248K
  class space    used 4324K, capacity 4583K, committed 4656K, reserved 1048576K
GC Heap History (10 events):
Event: 10.695 GC heap before
{Heap before GC invocations=6 (full 0):
 PSYoungGen      total 38400K, used 36654K [0x00000000d5580000, 0x00000000d8000000, 0x0000000100000000)
  eden space 33280K, 94% used [0x00000000d5580000,0x00000000d744f908,0x00000000d7600000)
  from space 5120K, 99% used [0x00000000d7600000,0x00000000d7afc010,0x00000000d7b00000)
  to   space 5120K, 0% used [0x00000000d7b00000,0x00000000d7b00000,0x00000000d8000000)
 ParOldGen       total 87552K, used 7149K [0x0000000080000000, 0x0000000085580000, 0x00000000d5580000)
  object space 87552K, 8% used [0x0000000080000000,0x00000000806fb758,0x0000000085580000)
 Metaspace       used 20512K, capacity 21208K, committed 21296K, reserved 1067008K
  class space    used 2879K, capacity 3092K, committed 3120K, reserved 1048576K
Event: 10.710 GC heap after
Heap after GC invocations=6 (full 0):
 PSYoungGen      total 32256K, used 5108K [0x00000000d5580000, 0x00000000d8b80000, 0x0000000100000000)
  eden space 27136K, 0% used [0x00000000d5580000,0x00000000d5580000,0x00000000d7000000)
  from space 5120K, 99% used [0x00000000d7b00000,0x00000000d7ffd040,0x00000000d8000000)
  to   space 11264K, 0% used [0x00000000d7000000,0x00000000d7000000,0x00000000d7b00000)
 ParOldGen       total 87552K, used 10758K [0x0000000080000000, 0x0000000085580000, 0x00000000d5580000)
  object space 87552K, 12% used [0x0000000080000000,0x0000000080a81a60,0x0000000085580000)
 Metaspace       used 20512K, capacity 21208K, committed 21296K, reserved 1067008K
  class space    used 2879K, capacity 3092K, committed 3120K, reserved 1048576K
}
Event: 10.710 GC heap before
{Heap before GC invocations=7 (full 1):
 PSYoungGen      total 32256K, used 5108K [0x00000000d5580000, 0x00000000d8b80000, 0x0000000100000000)
  eden space 27136K, 0% used [0x00000000d5580000,0x00000000d5580000,0x00000000d7000000)
  from space 5120K, 99% used [0x00000000d7b00000,0x00000000d7ffd040,0x00000000d8000000)
  to   space 11264K, 0% used [0x00000000d7000000,0x00000000d7000000,0x00000000d7b00000)
 ParOldGen       total 87552K, used 10758K [0x0000000080000000, 0x0000000085580000, 0x00000000d5580000)
  object space 87552K, 12% used [0x0000000080000000,0x0000000080a81a60,0x0000000085580000)
 Metaspace       used 20512K, capacity 21208K, committed 21296K, reserved 1067008K
  class space    used 2879K, capacity 3092K, committed 3120K, reserved 1048576K
Event: 10.811 GC heap after
Heap after GC invocations=7 (full 1):
 PSYoungGen      total 32256K, used 0K [0x00000000d5580000, 0x00000000d8b80000, 0x0000000100000000)
  eden space 27136K, 0% used [0x00000000d5580000,0x00000000d5580000,0x00000000d7000000)
  from space 5120K, 0% used [0x00000000d7b00000,0x00000000d7b00000,0x00000000d8000000)
  to   space 11264K, 0% used [0x00000000d7000000,0x00000000d7000000,0x00000000d7b00000)
 ParOldGen       total 66560K, used 11571K [0x0000000080000000, 0x0000000084100000, 0x00000000d5580000)
  object space 66560K, 17% used [0x0000000080000000,0x0000000080b4cd58,0x0000000084100000)
 Metaspace       used 20512K, capacity 21208K, committed 21296K, reserved 1067008K
  class space    used 2879K, capacity 3092K, committed 3120K, reserved 1048576K
}
Event: 11.656 GC heap before
{Heap before GC invocations=8 (full 1):
 PSYoungGen      total 32256K, used 27136K [0x00000000d5580000, 0x00000000d8b80000, 0x0000000100000000)
  eden space 27136K, 100% used [0x00000000d5580000,0x00000000d7000000,0x00000000d7000000)
  from space 5120K, 0% used [0x00000000d7b00000,0x00000000d7b00000,0x00000000d8000000)
  to   space 11264K, 0% used [0x00000000d7000000,0x00000000d7000000,0x00000000d7b00000)
 ParOldGen       total 66560K, used 11571K [0x0000000080000000, 0x0000000084100000, 0x00000000d5580000)
  object space 66560K, 17% used [0x0000000080000000,0x0000000080b4cd58,0x0000000084100000)
 Metaspace       used 22019K, capacity 22744K, committed 22832K, reserved 1069056K
  class space    used 3119K, capacity 3348K, committed 3376K, reserved 1048576K
Event: 11.659 GC heap after
Heap after GC invocations=8 (full 1):
 PSYoungGen      total 38400K, used 2184K [0x00000000d5580000, 0x00000000d9380000, 0x0000000100000000)
  eden space 27136K, 0% used [0x00000000d5580000,0x00000000d5580000,0x00000000d7000000)
  from space 11264K, 19% used [0x00000000d7000000,0x00000000d7222090,0x00000000d7b00000)
  to   space 11776K, 0% used [0x00000000d8800000,0x00000000d8800000,0x00000000d9380000)
 ParOldGen       total 66560K, used 11579K [0x0000000080000000, 0x0000000084100000, 0x00000000d5580000)
  object space 66560K, 17% used [0x0000000080000000,0x0000000080b4ed58,0x0000000084100000)
 Metaspace       used 22019K, capacity 22744K, committed 22832K, reserved 1069056K
  class space    used 3119K, capacity 3348K, committed 3376K, reserved 1048576K
}
Event: 12.863 GC heap before
{Heap before GC invocations=9 (full 1):
 PSYoungGen      total 38400K, used 29320K [0x00000000d5580000, 0x00000000d9380000, 0x0000000100000000)
  eden space 27136K, 100% used [0x00000000d5580000,0x00000000d7000000,0x00000000d7000000)
  from space 11264K, 19% used [0x00000000d7000000,0x00000000d7222090,0x00000000d7b00000)
  to   space 11776K, 0% used [0x00000000d8800000,0x00000000d8800000,0x00000000d9380000)
 ParOldGen       total 66560K, used 11579K [0x0000000080000000, 0x0000000084100000, 0x00000000d5580000)
  object space 66560K, 17% used [0x0000000080000000,0x0000000080b4ed58,0x0000000084100000)
 Metaspace       used 25339K, capacity 26042K, committed 26416K, reserved 1071104K
  class space    used 3549K, capacity 3782K, committed 3888K, reserved 1048576K
Event: 12.882 GC heap after
Heap after GC invocations=9 (full 1):
 PSYoungGen      total 52224K, used 4295K [0x00000000d5580000, 0x00000000d9400000, 0x0000000100000000)
  eden space 40448K, 0% used [0x00000000d5580000,0x00000000d5580000,0x00000000d7d00000)
  from space 11776K, 36% used [0x00000000d8800000,0x00000000d8c31ec8,0x00000000d9380000)
  to   space 11264K, 0% used [0x00000000d7d00000,0x00000000d7d00000,0x00000000d8800000)
 ParOldGen       total 66560K, used 11587K [0x0000000080000000, 0x0000000084100000, 0x00000000d5580000)
  object space 66560K, 17% used [0x0000000080000000,0x0000000080b50d58,0x0000000084100000)
 Metaspace       used 25339K, capacity 26042K, committed 26416K, reserved 1071104K
  class space    used 3549K, capacity 3782K, committed 3888K, reserved 1048576K
}
Event: 14.357 GC heap before
{Heap before GC invocations=10 (full 1):
 PSYoungGen      total 52224K, used 44743K [0x00000000d5580000, 0x00000000d9400000, 0x0000000100000000)
  eden space 40448K, 100% used [0x00000000d5580000,0x00000000d7d00000,0x00000000d7d00000)
  from space 11776K, 36% used [0x00000000d8800000,0x00000000d8c31ec8,0x00000000d9380000)
  to   space 11264K, 0% used [0x00000000d7d00000,0x00000000d7d00000,0x00000000d8800000)
 ParOldGen       total 66560K, used 11587K [0x0000000080000000, 0x0000000084100000, 0x00000000d5580000)
  object space 66560K, 17% used [0x0000000080000000,0x0000000080b50d58,0x0000000084100000)
 Metaspace       used 30619K, capacity 31394K, committed 31792K, reserved 1077248K
  class space    used 4125K, capacity 4368K, committed 4400K, reserved 1048576K
Event: 14.372 GC heap after
Heap after GC invocations=10 (full 1):
 PSYoungGen      total 51712K, used 6357K [0x00000000d5580000, 0x00000000d9e80000, 0x0000000100000000)
  eden space 40448K, 0% used [0x00000000d5580000,0x00000000d5580000,0x00000000d7d00000)
  from space 11264K, 56% used [0x00000000d7d00000,0x00000000d8335760,0x00000000d8800000)
  to   space 10752K, 0% used [0x00000000d9400000,0x00000000d9400000,0x00000000d9e80000)
 ParOldGen       total 66560K, used 11595K [0x0000000080000000, 0x0000000084100000, 0x00000000d5580000)
  object space 66560K, 17% used [0x0000000080000000,0x0000000080b52d58,0x0000000084100000)
 Metaspace       used 30619K, capacity 31394K, committed 31792K, reserved 1077248K
  class space    used 4125K, capacity 4368K, committed 4400K, reserved 1048576K
}

