# JRE version: OpenJDK Runtime Environment (8.0_242-b01) (build 1.8.0_242-release-1644-b01)
# Java VM: OpenJDK 64-Bit Server VM (25.242-b01 mixed mode windows-amd64 compressed oops)
Heap:
 PSYoungGen      total 243200K, used 181732K [0x00000000d5580000, 0x00000000e6f00000, 0x0000000100000000)
  eden space 211456K, 75% used [0x00000000d5580000,0x00000000df07ab10,0x00000000e2400000)
  from space 31744K, 72% used [0x00000000e5000000,0x00000000e667e860,0x00000000e6f00000)
  to   space 38400K, 0% used [0x00000000e2400000,0x00000000e2400000,0x00000000e4980000)
 ParOldGen       total 138752K, used 87591K [0x0000000080000000, 0x0000000088780000, 0x00000000d5580000)
  object space 138752K, 63% used [0x0000000080000000,0x0000000085589e50,0x0000000088780000)
 Metaspace       used 86043K, capacity 90118K, committed 90280K, reserved 1126400K
  class space    used 11614K, capacity 12412K, committed 12464K, reserved 1048576K
GC Heap History (10 events):
Event: 14.066 GC heap before
{Heap before GC invocations=15 (full 3):
 PSYoungGen      total 179712K, used 3495K [0x00000000d5580000, 0x00000000e2600000, 0x0000000100000000)
  eden space 161280K, 0% used [0x00000000d5580000,0x00000000d5580000,0x00000000df300000)
  from space 18432K, 18% used [0x00000000e0500000,0x00000000e0869f38,0x00000000e1700000)
  to   space 18432K, 0% used [0x00000000df300000,0x00000000df300000,0x00000000e0500000)
 ParOldGen       total 91648K, used 32810K [0x0000000080000000, 0x0000000085980000, 0x00000000d5580000)
  object space 91648K, 35% used [0x0000000080000000,0x000000008200aac8,0x0000000085980000)
 Metaspace       used 57082K, capacity 59054K, committed 59160K, reserved 1099776K
  class space    used 7829K, capacity 8282K, committed 8368K, reserved 1048576K
Event: 14.456 GC heap after
Heap after GC invocations=15 (full 3):
 PSYoungGen      total 179712K, used 0K [0x00000000d5580000, 0x00000000e2600000, 0x0000000100000000)
  eden space 161280K, 0% used [0x00000000d5580000,0x00000000d5580000,0x00000000df300000)
  from space 18432K, 0% used [0x00000000e0500000,0x00000000e0500000,0x00000000e1700000)
  to   space 18432K, 0% used [0x00000000df300000,0x00000000df300000,0x00000000e0500000)
 ParOldGen       total 138752K, used 30303K [0x0000000080000000, 0x0000000088780000, 0x00000000d5580000)
  object space 138752K, 21% used [0x0000000080000000,0x0000000081d97cb8,0x0000000088780000)
 Metaspace       used 57070K, capacity 59012K, committed 59160K, reserved 1099776K
  class space    used 7825K, capacity 8275K, committed 8368K, reserved 1048576K
}
Event: 18.184 GC heap before
{Heap before GC invocations=16 (full 3):
 PSYoungGen      total 179712K, used 161280K [0x00000000d5580000, 0x00000000e2600000, 0x0000000100000000)
  eden space 161280K, 100% used [0x00000000d5580000,0x00000000df300000,0x00000000df300000)
  from space 18432K, 0% used [0x00000000e0500000,0x00000000e0500000,0x00000000e1700000)
  to   space 18432K, 0% used [0x00000000df300000,0x00000000df300000,0x00000000e0500000)
 ParOldGen       total 138752K, used 30303K [0x0000000080000000, 0x0000000088780000, 0x00000000d5580000)
  object space 138752K, 21% used [0x0000000080000000,0x0000000081d97cb8,0x0000000088780000)
 Metaspace       used 61391K, capacity 64090K, committed 64424K, reserved 1103872K
  class space    used 8447K, capacity 9024K, committed 9136K, reserved 1048576K
Event: 18.221 GC heap after
Heap after GC invocations=16 (full 3):
 PSYoungGen      total 179712K, used 14477K [0x00000000d5580000, 0x00000000e3800000, 0x0000000100000000)
  eden space 161280K, 0% used [0x00000000d5580000,0x00000000d5580000,0x00000000df300000)
  from space 18432K, 78% used [0x00000000df300000,0x00000000e0123610,0x00000000e0500000)
  to   space 19456K, 0% used [0x00000000e2500000,0x00000000e2500000,0x00000000e3800000)
 ParOldGen       total 138752K, used 30311K [0x0000000080000000, 0x0000000088780000, 0x00000000d5580000)
  object space 138752K, 21% used [0x0000000080000000,0x0000000081d99cb8,0x0000000088780000)
 Metaspace       used 61391K, capacity 64090K, committed 64424K, reserved 1103872K
  class space    used 8447K, capacity 9024K, committed 9136K, reserved 1048576K
}
Event: 20.926 GC heap before
{Heap before GC invocations=17 (full 3):
 PSYoungGen      total 179712K, used 175757K [0x00000000d5580000, 0x00000000e3800000, 0x0000000100000000)
  eden space 161280K, 100% used [0x00000000d5580000,0x00000000df300000,0x00000000df300000)
  from space 18432K, 78% used [0x00000000df300000,0x00000000e0123610,0x00000000e0500000)
  to   space 19456K, 0% used [0x00000000e2500000,0x00000000e2500000,0x00000000e3800000)
 ParOldGen       total 138752K, used 30311K [0x0000000080000000, 0x0000000088780000, 0x00000000d5580000)
  object space 138752K, 21% used [0x0000000080000000,0x0000000081d99cb8,0x0000000088780000)
 Metaspace       used 67057K, capacity 70224K, committed 70440K, reserved 1110016K
  class space    used 9318K, capacity 9981K, committed 10032K, reserved 1048576K
Event: 21.085 GC heap after
Heap after GC invocations=17 (full 3):
 PSYoungGen      total 192512K, used 19449K [0x00000000d5580000, 0x00000000e6800000, 0x0000000100000000)
  eden space 173056K, 0% used [0x00000000d5580000,0x00000000d5580000,0x00000000dfe80000)
  from space 19456K, 99% used [0x00000000e2500000,0x00000000e37fe7e0,0x00000000e3800000)
  to   space 39424K, 0% used [0x00000000dfe80000,0x00000000dfe80000,0x00000000e2500000)
 ParOldGen       total 138752K, used 76197K [0x0000000080000000, 0x0000000088780000, 0x00000000d5580000)
  object space 138752K, 54% used [0x0000000080000000,0x0000000084a69478,0x0000000088780000)
 Metaspace       used 67057K, capacity 70224K, committed 70440K, reserved 1110016K
  class space    used 9318K, capacity 9981K, committed 10032K, reserved 1048576K
}
Event: 25.179 GC heap before
{Heap before GC invocations=18 (full 3):
 PSYoungGen      total 192512K, used 192505K [0x00000000d5580000, 0x00000000e6800000, 0x0000000100000000)
  eden space 173056K, 100% used [0x00000000d5580000,0x00000000dfe80000,0x00000000dfe80000)
  from space 19456K, 99% used [0x00000000e2500000,0x00000000e37fe7e0,0x00000000e3800000)
  to   space 39424K, 0% used [0x00000000dfe80000,0x00000000dfe80000,0x00000000e2500000)
 ParOldGen       total 138752K, used 76197K [0x0000000080000000, 0x0000000088780000, 0x00000000d5580000)
  object space 138752K, 54% used [0x0000000080000000,0x0000000084a69478,0x0000000088780000)
 Metaspace       used 71468K, capacity 74914K, committed 75176K, reserved 1114112K
  class space    used 9898K, capacity 10560K, committed 10672K, reserved 1048576K
Event: 25.333 GC heap after
Heap after GC invocations=18 (full 3):
 PSYoungGen      total 212480K, used 16661K [0x00000000d5580000, 0x00000000e7500000, 0x0000000100000000)
  eden space 173056K, 0% used [0x00000000d5580000,0x00000000d5580000,0x00000000dfe80000)
  from space 39424K, 42% used [0x00000000dfe80000,0x00000000e0ec5468,0x00000000e2500000)
  to   space 37888K, 0% used [0x00000000e5000000,0x00000000e5000000,0x00000000e7500000)
 ParOldGen       total 138752K, used 87583K [0x0000000080000000, 0x0000000088780000, 0x00000000d5580000)
  object space 138752K, 63% used [0x0000000080000000,0x0000000085587e50,0x0000000088780000)
 Metaspace       used 71468K, capacity 74914K, committed 75176K, reserved 1114112K
  class space    used 9898K, capacity 10560K, committed 10672K, reserved 1048576K
}
Event: 559.828 GC heap before
{Heap before GC invocations=19 (full 3):
 PSYoungGen      total 212480K, used 189717K [0x00000000d5580000, 0x00000000e7500000, 0x0000000100000000)
  eden space 173056K, 100% used [0x00000000d5580000,0x00000000dfe80000,0x00000000dfe80000)
  from space 39424K, 42% used [0x00000000dfe80000,0x00000000e0ec5468,0x00000000e2500000)
  to   space 37888K, 0% used [0x00000000e5000000,0x00000000e5000000,0x00000000e7500000)
 ParOldGen       total 138752K, used 87583K [0x0000000080000000, 0x0000000088780000, 0x00000000d5580000)
  object space 138752K, 63% used [0x0000000080000000,0x0000000085587e50,0x0000000088780000)
 Metaspace       used 78447K, capacity 82164K, committed 82344K, reserved 1120256K
  class space    used 10643K, capacity 11397K, committed 11440K, reserved 1048576K
Event: 559.885 GC heap after
Heap after GC invocations=19 (full 3):
 PSYoungGen      total 243200K, used 23034K [0x00000000d5580000, 0x00000000e6f00000, 0x0000000100000000)
  eden space 211456K, 0% used [0x00000000d5580000,0x00000000d5580000,0x00000000e2400000)
  from space 31744K, 72% used [0x00000000e5000000,0x00000000e667e860,0x00000000e6f00000)
  to   space 38400K, 0% used [0x00000000e2400000,0x00000000e2400000,0x00000000e4980000)
 ParOldGen       total 138752K, used 87591K [0x0000000080000000, 0x0000000088780000, 0x00000000d5580000)
  object space 138752K, 63% used [0x0000000080000000,0x0000000085589e50,0x0000000088780000)
 Metaspace       used 78447K, capacity 82164K, committed 82344K, reserved 1120256K
  class space    used 10643K, capacity 11397K, committed 11440K, reserved 1048576K
}

